Started GET "/" for ::1 at 2017-01-13 10:37:20 -0500
Processing by Rails::WelcomeController#index as HTML
  Parameters: {"internal"=>true}
  Rendering /Users/RobMojo/.rbenv/versions/2.3.1/lib/ruby/gems/2.3.0/gems/railties-5.0.1/lib/rails/templates/rails/welcome/index.html.erb
  Rendered /Users/RobMojo/.rbenv/versions/2.3.1/lib/ruby/gems/2.3.0/gems/railties-5.0.1/lib/rails/templates/rails/welcome/index.html.erb (5.0ms)
Completed 200 OK in 29ms (Views: 12.5ms | ActiveRecord: 0.0ms)


Started GET "/" for ::1 at 2017-01-13 10:40:07 -0500
Processing by Rails::WelcomeController#index as HTML
  Parameters: {"internal"=>true}
  Rendering /Users/RobMojo/.rbenv/versions/2.3.1/lib/ruby/gems/2.3.0/gems/railties-5.0.1/lib/rails/templates/rails/welcome/index.html.erb
  Rendered /Users/RobMojo/.rbenv/versions/2.3.1/lib/ruby/gems/2.3.0/gems/railties-5.0.1/lib/rails/templates/rails/welcome/index.html.erb (5.7ms)
Completed 200 OK in 29ms (Views: 14.6ms | ActiveRecord: 0.0ms)


Started GET "/" for ::1 at 2017-01-13 10:59:41 -0500
Processing by Rails::WelcomeController#index as HTML
  Parameters: {"internal"=>true}
  Rendering /Users/RobMojo/.rbenv/versions/2.3.1/lib/ruby/gems/2.3.0/gems/railties-5.0.1/lib/rails/templates/rails/welcome/index.html.erb
  Rendered /Users/RobMojo/.rbenv/versions/2.3.1/lib/ruby/gems/2.3.0/gems/railties-5.0.1/lib/rails/templates/rails/welcome/index.html.erb (5.3ms)
Completed 200 OK in 32ms (Views: 14.7ms | ActiveRecord: 0.0ms)


Started GET "/" for ::1 at 2017-01-13 11:01:28 -0500
Processing by Rails::WelcomeController#index as HTML
  Parameters: {"internal"=>true}
  Rendering /Users/RobMojo/.rbenv/versions/2.3.1/lib/ruby/gems/2.3.0/gems/railties-5.0.1/lib/rails/templates/rails/welcome/index.html.erb
  Rendered /Users/RobMojo/.rbenv/versions/2.3.1/lib/ruby/gems/2.3.0/gems/railties-5.0.1/lib/rails/templates/rails/welcome/index.html.erb (5.7ms)
Completed 200 OK in 28ms (Views: 12.9ms | ActiveRecord: 0.0ms)


Started GET "/" for ::1 at 2017-01-13 11:02:27 -0500
Processing by WelcomeController#index as HTML
  Rendering welcome/index.html.erb within layouts/application
  Rendered welcome/index.html.erb within layouts/application (0.5ms)
Completed 200 OK in 7190ms (Views: 7187.3ms | ActiveRecord: 0.0ms)


Started GET "/" for ::1 at 2017-01-13 11:10:15 -0500
Processing by WelcomeController#index as HTML
  Rendering welcome/index.html.haml within layouts/application
  Rendered welcome/index.html.haml within layouts/application (3.1ms)
Completed 200 OK in 407ms (Views: 391.3ms | ActiveRecord: 0.0ms)


Started GET "/" for ::1 at 2017-01-13 11:12:45 -0500
Processing by WelcomeController#index as HTML
  Rendering welcome/index.html.haml within layouts/application
  Rendered welcome/index.html.haml within layouts/application (2.9ms)
Completed 200 OK in 472ms (Views: 460.1ms | ActiveRecord: 0.0ms)


Started GET "/" for ::1 at 2017-01-13 11:13:20 -0500
Processing by WelcomeController#index as HTML
  Rendering welcome/index.html.haml within layouts/application
  Rendered welcome/index.html.haml within layouts/application (1.3ms)
Completed 500 Internal Server Error in 48ms (ActiveRecord: 0.0ms)


  
ActionView::Template::Error (Invalid CSS after "...ort "bootstrap"": expected selector or at-rule, was "@import "welcom..."):
    3:   %head
    4:     %title CodeClarity
    5:     = csrf_meta_tags
    6:     = stylesheet_link_tag    'application', media: 'all', 'data-turbolinks-track': 'reload'
    7:     = javascript_include_tag 'application', 'data-turbolinks-track': 'reload'
    8:   %body
    9:     = yield
  
app/assets/stylesheets/application.scss:3
app/views/layouts/application.html.haml:6:in `_app_views_layouts_application_html_haml__2487131434245992202_70170902414500'
  Rendering /Users/RobMojo/.rbenv/versions/2.3.1/lib/ruby/gems/2.3.0/gems/actionpack-5.0.1/lib/action_dispatch/middleware/templates/rescues/template_error.html.erb within rescues/layout
  Rendering /Users/RobMojo/.rbenv/versions/2.3.1/lib/ruby/gems/2.3.0/gems/actionpack-5.0.1/lib/action_dispatch/middleware/templates/rescues/_source.html.erb
  Rendered /Users/RobMojo/.rbenv/versions/2.3.1/lib/ruby/gems/2.3.0/gems/actionpack-5.0.1/lib/action_dispatch/middleware/templates/rescues/_source.html.erb (15.6ms)
  Rendering /Users/RobMojo/.rbenv/versions/2.3.1/lib/ruby/gems/2.3.0/gems/actionpack-5.0.1/lib/action_dispatch/middleware/templates/rescues/_trace.html.erb
  Rendered /Users/RobMojo/.rbenv/versions/2.3.1/lib/ruby/gems/2.3.0/gems/actionpack-5.0.1/lib/action_dispatch/middleware/templates/rescues/_trace.html.erb (2.0ms)
  Rendering /Users/RobMojo/.rbenv/versions/2.3.1/lib/ruby/gems/2.3.0/gems/actionpack-5.0.1/lib/action_dispatch/middleware/templates/rescues/_request_and_response.html.erb
  Rendered /Users/RobMojo/.rbenv/versions/2.3.1/lib/ruby/gems/2.3.0/gems/actionpack-5.0.1/lib/action_dispatch/middleware/templates/rescues/_request_and_response.html.erb (0.8ms)
  Rendered /Users/RobMojo/.rbenv/versions/2.3.1/lib/ruby/gems/2.3.0/gems/actionpack-5.0.1/lib/action_dispatch/middleware/templates/rescues/template_error.html.erb within rescues/layout (127.4ms)
Started GET "/" for ::1 at 2017-01-13 11:13:46 -0500
Processing by WelcomeController#index as HTML
  Rendering welcome/index.html.haml within layouts/application
  Rendered welcome/index.html.haml within layouts/application (0.9ms)
Completed 500 Internal Server Error in 15ms (ActiveRecord: 0.0ms)


  
ActionView::Template::Error (Invalid CSS after "...ort "bootstrap"": expected selector or at-rule, was "@import "welcome""):
    3:   %head
    4:     %title CodeClarity
    5:     = csrf_meta_tags
    6:     = stylesheet_link_tag    'application', media: 'all', 'data-turbolinks-track': 'reload'
    7:     = javascript_include_tag 'application', 'data-turbolinks-track': 'reload'
    8:   %body
    9:     = yield
  
app/assets/stylesheets/application.scss:3
app/views/layouts/application.html.haml:6:in `_app_views_layouts_application_html_haml__2487131434245992202_70170917327540'
  Rendering /Users/RobMojo/.rbenv/versions/2.3.1/lib/ruby/gems/2.3.0/gems/actionpack-5.0.1/lib/action_dispatch/middleware/templates/rescues/template_error.html.erb within rescues/layout
  Rendering /Users/RobMojo/.rbenv/versions/2.3.1/lib/ruby/gems/2.3.0/gems/actionpack-5.0.1/lib/action_dispatch/middleware/templates/rescues/_source.html.erb
  Rendered /Users/RobMojo/.rbenv/versions/2.3.1/lib/ruby/gems/2.3.0/gems/actionpack-5.0.1/lib/action_dispatch/middleware/templates/rescues/_source.html.erb (6.3ms)
  Rendering /Users/RobMojo/.rbenv/versions/2.3.1/lib/ruby/gems/2.3.0/gems/actionpack-5.0.1/lib/action_dispatch/middleware/templates/rescues/_trace.html.erb
  Rendered /Users/RobMojo/.rbenv/versions/2.3.1/lib/ruby/gems/2.3.0/gems/actionpack-5.0.1/lib/action_dispatch/middleware/templates/rescues/_trace.html.erb (2.1ms)
  Rendering /Users/RobMojo/.rbenv/versions/2.3.1/lib/ruby/gems/2.3.0/gems/actionpack-5.0.1/lib/action_dispatch/middleware/templates/rescues/_request_and_response.html.erb
  Rendered /Users/RobMojo/.rbenv/versions/2.3.1/lib/ruby/gems/2.3.0/gems/actionpack-5.0.1/lib/action_dispatch/middleware/templates/rescues/_request_and_response.html.erb (0.8ms)
  Rendered /Users/RobMojo/.rbenv/versions/2.3.1/lib/ruby/gems/2.3.0/gems/actionpack-5.0.1/lib/action_dispatch/middleware/templates/rescues/template_error.html.erb within rescues/layout (85.9ms)
Started GET "/" for ::1 at 2017-01-13 11:41:05 -0500
Processing by WelcomeController#index as HTML
  Rendering welcome/index.html.haml within layouts/application
  Rendered welcome/index.html.haml within layouts/application (17.1ms)
Completed 500 Internal Server Error in 109ms (ActiveRecord: 0.0ms)


  
ActionView::Template::Error (Invalid CSS after "...rt "bootstrap",": expected file to import (string or url()), was "@import "welcome""):
    3:   %head
    4:     %title CodeClarity
    5:     = csrf_meta_tags
    6:     = stylesheet_link_tag    'application', media: 'all', 'data-turbolinks-track': 'reload'
    7:     = javascript_include_tag 'application', 'data-turbolinks-track': 'reload'
    8:   %body
    9:     = yield
  
app/assets/stylesheets/application.scss:3
app/views/layouts/application.html.haml:6:in `_app_views_layouts_application_html_haml__2487131434245992202_70170900763500'
  Rendering /Users/RobMojo/.rbenv/versions/2.3.1/lib/ruby/gems/2.3.0/gems/actionpack-5.0.1/lib/action_dispatch/middleware/templates/rescues/template_error.html.erb within rescues/layout
  Rendering /Users/RobMojo/.rbenv/versions/2.3.1/lib/ruby/gems/2.3.0/gems/actionpack-5.0.1/lib/action_dispatch/middleware/templates/rescues/_source.html.erb
  Rendered /Users/RobMojo/.rbenv/versions/2.3.1/lib/ruby/gems/2.3.0/gems/actionpack-5.0.1/lib/action_dispatch/middleware/templates/rescues/_source.html.erb (7.9ms)
  Rendering /Users/RobMojo/.rbenv/versions/2.3.1/lib/ruby/gems/2.3.0/gems/actionpack-5.0.1/lib/action_dispatch/middleware/templates/rescues/_trace.html.erb
  Rendered /Users/RobMojo/.rbenv/versions/2.3.1/lib/ruby/gems/2.3.0/gems/actionpack-5.0.1/lib/action_dispatch/middleware/templates/rescues/_trace.html.erb (3.6ms)
  Rendering /Users/RobMojo/.rbenv/versions/2.3.1/lib/ruby/gems/2.3.0/gems/actionpack-5.0.1/lib/action_dispatch/middleware/templates/rescues/_request_and_response.html.erb
  Rendered /Users/RobMojo/.rbenv/versions/2.3.1/lib/ruby/gems/2.3.0/gems/actionpack-5.0.1/lib/action_dispatch/middleware/templates/rescues/_request_and_response.html.erb (1.2ms)
  Rendered /Users/RobMojo/.rbenv/versions/2.3.1/lib/ruby/gems/2.3.0/gems/actionpack-5.0.1/lib/action_dispatch/middleware/templates/rescues/template_error.html.erb within rescues/layout (86.7ms)
Started GET "/" for ::1 at 2017-01-13 11:41:20 -0500
Processing by WelcomeController#index as HTML
  Rendering welcome/index.html.haml within layouts/application
  Rendered welcome/index.html.haml within layouts/application (1.1ms)
Completed 500 Internal Server Error in 16ms (ActiveRecord: 0.0ms)


  
ActionView::Template::Error (Invalid CSS after "...rt "bootstrap",": expected file to import (string or url()), was "@import "welcom..."):
    3:   %head
    4:     %title CodeClarity
    5:     = csrf_meta_tags
    6:     = stylesheet_link_tag    'application', media: 'all', 'data-turbolinks-track': 'reload'
    7:     = javascript_include_tag 'application', 'data-turbolinks-track': 'reload'
    8:   %body
    9:     = yield
  
app/assets/stylesheets/application.scss:3
app/views/layouts/application.html.haml:6:in `_app_views_layouts_application_html_haml__2487131434245992202_70170882652560'
  Rendering /Users/RobMojo/.rbenv/versions/2.3.1/lib/ruby/gems/2.3.0/gems/actionpack-5.0.1/lib/action_dispatch/middleware/templates/rescues/template_error.html.erb within rescues/layout
  Rendering /Users/RobMojo/.rbenv/versions/2.3.1/lib/ruby/gems/2.3.0/gems/actionpack-5.0.1/lib/action_dispatch/middleware/templates/rescues/_source.html.erb
  Rendered /Users/RobMojo/.rbenv/versions/2.3.1/lib/ruby/gems/2.3.0/gems/actionpack-5.0.1/lib/action_dispatch/middleware/templates/rescues/_source.html.erb (7.8ms)
  Rendering /Users/RobMojo/.rbenv/versions/2.3.1/lib/ruby/gems/2.3.0/gems/actionpack-5.0.1/lib/action_dispatch/middleware/templates/rescues/_trace.html.erb
  Rendered /Users/RobMojo/.rbenv/versions/2.3.1/lib/ruby/gems/2.3.0/gems/actionpack-5.0.1/lib/action_dispatch/middleware/templates/rescues/_trace.html.erb (2.5ms)
  Rendering /Users/RobMojo/.rbenv/versions/2.3.1/lib/ruby/gems/2.3.0/gems/actionpack-5.0.1/lib/action_dispatch/middleware/templates/rescues/_request_and_response.html.erb
  Rendered /Users/RobMojo/.rbenv/versions/2.3.1/lib/ruby/gems/2.3.0/gems/actionpack-5.0.1/lib/action_dispatch/middleware/templates/rescues/_request_and_response.html.erb (0.9ms)
  Rendered /Users/RobMojo/.rbenv/versions/2.3.1/lib/ruby/gems/2.3.0/gems/actionpack-5.0.1/lib/action_dispatch/middleware/templates/rescues/template_error.html.erb within rescues/layout (84.1ms)
Started GET "/" for ::1 at 2017-01-13 11:41:31 -0500
Processing by WelcomeController#index as HTML
  Rendering welcome/index.html.haml within layouts/application
  Rendered welcome/index.html.haml within layouts/application (0.9ms)
Completed 500 Internal Server Error in 16ms (ActiveRecord: 0.0ms)


  
ActionView::Template::Error (Invalid CSS after "...rt "bootstrap",": expected file to import (string or url()), was "@import "/welco..."):
    3:   %head
    4:     %title CodeClarity
    5:     = csrf_meta_tags
    6:     = stylesheet_link_tag    'application', media: 'all', 'data-turbolinks-track': 'reload'
    7:     = javascript_include_tag 'application', 'data-turbolinks-track': 'reload'
    8:   %body
    9:     = yield
  
app/assets/stylesheets/application.scss:3
app/views/layouts/application.html.haml:6:in `_app_views_layouts_application_html_haml__2487131434245992202_70170867503240'
  Rendering /Users/RobMojo/.rbenv/versions/2.3.1/lib/ruby/gems/2.3.0/gems/actionpack-5.0.1/lib/action_dispatch/middleware/templates/rescues/template_error.html.erb within rescues/layout
  Rendering /Users/RobMojo/.rbenv/versions/2.3.1/lib/ruby/gems/2.3.0/gems/actionpack-5.0.1/lib/action_dispatch/middleware/templates/rescues/_source.html.erb
  Rendered /Users/RobMojo/.rbenv/versions/2.3.1/lib/ruby/gems/2.3.0/gems/actionpack-5.0.1/lib/action_dispatch/middleware/templates/rescues/_source.html.erb (6.1ms)
  Rendering /Users/RobMojo/.rbenv/versions/2.3.1/lib/ruby/gems/2.3.0/gems/actionpack-5.0.1/lib/action_dispatch/middleware/templates/rescues/_trace.html.erb
  Rendered /Users/RobMojo/.rbenv/versions/2.3.1/lib/ruby/gems/2.3.0/gems/actionpack-5.0.1/lib/action_dispatch/middleware/templates/rescues/_trace.html.erb (2.3ms)
  Rendering /Users/RobMojo/.rbenv/versions/2.3.1/lib/ruby/gems/2.3.0/gems/actionpack-5.0.1/lib/action_dispatch/middleware/templates/rescues/_request_and_response.html.erb
  Rendered /Users/RobMojo/.rbenv/versions/2.3.1/lib/ruby/gems/2.3.0/gems/actionpack-5.0.1/lib/action_dispatch/middleware/templates/rescues/_request_and_response.html.erb (0.9ms)
  Rendered /Users/RobMojo/.rbenv/versions/2.3.1/lib/ruby/gems/2.3.0/gems/actionpack-5.0.1/lib/action_dispatch/middleware/templates/rescues/template_error.html.erb within rescues/layout (84.0ms)
Started GET "/" for ::1 at 2017-01-13 11:41:44 -0500
Processing by WelcomeController#index as HTML
  Rendering welcome/index.html.haml within layouts/application
  Rendered welcome/index.html.haml within layouts/application (0.9ms)
Completed 500 Internal Server Error in 13ms (ActiveRecord: 0.0ms)


  
ActionView::Template::Error (Invalid CSS after "...rt "bootstrap",": expected file to import (string or url()), was "@import welcome..."):
    3:   %head
    4:     %title CodeClarity
    5:     = csrf_meta_tags
    6:     = stylesheet_link_tag    'application', media: 'all', 'data-turbolinks-track': 'reload'
    7:     = javascript_include_tag 'application', 'data-turbolinks-track': 'reload'
    8:   %body
    9:     = yield
  
app/assets/stylesheets/application.scss:3
app/views/layouts/application.html.haml:6:in `_app_views_layouts_application_html_haml__2487131434245992202_70170904933840'
  Rendering /Users/RobMojo/.rbenv/versions/2.3.1/lib/ruby/gems/2.3.0/gems/actionpack-5.0.1/lib/action_dispatch/middleware/templates/rescues/template_error.html.erb within rescues/layout
  Rendering /Users/RobMojo/.rbenv/versions/2.3.1/lib/ruby/gems/2.3.0/gems/actionpack-5.0.1/lib/action_dispatch/middleware/templates/rescues/_source.html.erb
  Rendered /Users/RobMojo/.rbenv/versions/2.3.1/lib/ruby/gems/2.3.0/gems/actionpack-5.0.1/lib/action_dispatch/middleware/templates/rescues/_source.html.erb (6.9ms)
  Rendering /Users/RobMojo/.rbenv/versions/2.3.1/lib/ruby/gems/2.3.0/gems/actionpack-5.0.1/lib/action_dispatch/middleware/templates/rescues/_trace.html.erb
  Rendered /Users/RobMojo/.rbenv/versions/2.3.1/lib/ruby/gems/2.3.0/gems/actionpack-5.0.1/lib/action_dispatch/middleware/templates/rescues/_trace.html.erb (2.0ms)
  Rendering /Users/RobMojo/.rbenv/versions/2.3.1/lib/ruby/gems/2.3.0/gems/actionpack-5.0.1/lib/action_dispatch/middleware/templates/rescues/_request_and_response.html.erb
  Rendered /Users/RobMojo/.rbenv/versions/2.3.1/lib/ruby/gems/2.3.0/gems/actionpack-5.0.1/lib/action_dispatch/middleware/templates/rescues/_request_and_response.html.erb (0.7ms)
  Rendered /Users/RobMojo/.rbenv/versions/2.3.1/lib/ruby/gems/2.3.0/gems/actionpack-5.0.1/lib/action_dispatch/middleware/templates/rescues/template_error.html.erb within rescues/layout (83.4ms)
Started GET "/" for ::1 at 2017-01-13 11:44:34 -0500
Processing by WelcomeController#index as HTML
  Rendering welcome/index.html.haml within layouts/application
  Rendered welcome/index.html.haml within layouts/application (0.9ms)
Completed 500 Internal Server Error in 51ms (ActiveRecord: 0.0ms)


  
ActionView::Template::Error (File to import not found or unreadable: bootstrap-sprockets.
Load paths:
  /Users/RobMojo/Desktop/mojotech/code_clarity/app/assets/config
  /Users/RobMojo/Desktop/mojotech/code_clarity/app/assets/images
  /Users/RobMojo/Desktop/mojotech/code_clarity/app/assets/javascripts
  /Users/RobMojo/Desktop/mojotech/code_clarity/app/assets/stylesheets
  /Users/RobMojo/Desktop/mojotech/code_clarity/vendor/assets/javascripts
  /Users/RobMojo/Desktop/mojotech/code_clarity/vendor/assets/stylesheets
  /Users/RobMojo/.rbenv/versions/2.3.1/lib/ruby/gems/2.3.0/gems/jquery-rails-4.2.2/vendor/assets/javascripts
  /Users/RobMojo/.rbenv/versions/2.3.1/lib/ruby/gems/2.3.0/gems/coffee-rails-4.2.1/lib/assets/javascripts
  /Users/RobMojo/.rbenv/versions/2.3.1/lib/ruby/gems/2.3.0/gems/actioncable-5.0.1/lib/assets/compiled
  /Users/RobMojo/.rbenv/versions/2.3.1/lib/ruby/gems/2.3.0/gems/turbolinks-source-5.0.0/lib/assets/javascripts
  /Users/RobMojo/.rbenv/versions/2.3.1/lib/ruby/gems/2.3.0/gems/bootstrap-4.0.0.alpha6/assets/stylesheets
  /Users/RobMojo/.rbenv/versions/2.3.1/lib/ruby/gems/2.3.0/gems/bootstrap-4.0.0.alpha6/assets/javascripts
  /Users/RobMojo/.rbenv/versions/2.3.1/lib/ruby/gems/2.3.0/gems/bootstrap-4.0.0.alpha6/assets/stylesheets):
    3:   %head
    4:     %title CodeClarity
    5:     = csrf_meta_tags
    6:     = stylesheet_link_tag    'application', media: 'all', 'data-turbolinks-track': 'reload'
    7:     = javascript_include_tag 'application', 'data-turbolinks-track': 'reload'
    8:   %body
    9:     = yield
  
app/assets/stylesheets/application.scss:1
app/views/layouts/application.html.haml:6:in `_app_views_layouts_application_html_haml__2487131434245992202_70170904488400'
  Rendering /Users/RobMojo/.rbenv/versions/2.3.1/lib/ruby/gems/2.3.0/gems/actionpack-5.0.1/lib/action_dispatch/middleware/templates/rescues/template_error.html.erb within rescues/layout
  Rendering /Users/RobMojo/.rbenv/versions/2.3.1/lib/ruby/gems/2.3.0/gems/actionpack-5.0.1/lib/action_dispatch/middleware/templates/rescues/_source.html.erb
  Rendered /Users/RobMojo/.rbenv/versions/2.3.1/lib/ruby/gems/2.3.0/gems/actionpack-5.0.1/lib/action_dispatch/middleware/templates/rescues/_source.html.erb (5.8ms)
  Rendering /Users/RobMojo/.rbenv/versions/2.3.1/lib/ruby/gems/2.3.0/gems/actionpack-5.0.1/lib/action_dispatch/middleware/templates/rescues/_trace.html.erb
  Rendered /Users/RobMojo/.rbenv/versions/2.3.1/lib/ruby/gems/2.3.0/gems/actionpack-5.0.1/lib/action_dispatch/middleware/templates/rescues/_trace.html.erb (3.0ms)
  Rendering /Users/RobMojo/.rbenv/versions/2.3.1/lib/ruby/gems/2.3.0/gems/actionpack-5.0.1/lib/action_dispatch/middleware/templates/rescues/_request_and_response.html.erb
  Rendered /Users/RobMojo/.rbenv/versions/2.3.1/lib/ruby/gems/2.3.0/gems/actionpack-5.0.1/lib/action_dispatch/middleware/templates/rescues/_request_and_response.html.erb (0.8ms)
  Rendered /Users/RobMojo/.rbenv/versions/2.3.1/lib/ruby/gems/2.3.0/gems/actionpack-5.0.1/lib/action_dispatch/middleware/templates/rescues/template_error.html.erb within rescues/layout (84.1ms)
Started GET "/" for ::1 at 2017-01-13 11:44:47 -0500
Processing by WelcomeController#index as HTML
  Rendering welcome/index.html.haml within layouts/application
  Rendered welcome/index.html.haml within layouts/application (6.7ms)
Completed 200 OK in 4806ms (Views: 4801.3ms | ActiveRecord: 0.0ms)


Started GET "/" for ::1 at 2017-01-13 11:45:04 -0500
Processing by WelcomeController#index as HTML
  Rendering welcome/index.html.haml within layouts/application
  Rendered welcome/index.html.haml within layouts/application (1.5ms)
Completed 200 OK in 3655ms (Views: 3652.3ms | ActiveRecord: 0.0ms)


Started GET "/" for ::1 at 2017-01-13 11:49:42 -0500
Processing by WelcomeController#index as HTML
  Rendering welcome/index.html.haml within layouts/application
  Rendered welcome/index.html.haml within layouts/application (10.2ms)
Completed 200 OK in 3826ms (Views: 3816.2ms | ActiveRecord: 0.0ms)


Started GET "/" for ::1 at 2017-01-13 11:50:17 -0500
Processing by WelcomeController#index as HTML
  Rendering welcome/index.html.haml within layouts/application
  Rendered welcome/index.html.haml within layouts/application (1.6ms)
Completed 200 OK in 60ms (Views: 56.8ms | ActiveRecord: 0.0ms)


Started GET "/" for ::1 at 2017-01-13 11:50:21 -0500
Processing by WelcomeController#index as HTML
  Rendering welcome/index.html.haml within layouts/application
  Rendered welcome/index.html.haml within layouts/application (1.1ms)
Completed 200 OK in 44ms (Views: 41.2ms | ActiveRecord: 0.0ms)


Started GET "/" for ::1 at 2017-01-13 11:50:54 -0500
Processing by WelcomeController#index as HTML
  Rendering welcome/index.html.haml within layouts/application
  Rendered welcome/index.html.haml within layouts/application (1.0ms)
Completed 200 OK in 59ms (Views: 56.8ms | ActiveRecord: 0.0ms)


Started GET "/" for ::1 at 2017-01-13 11:53:45 -0500
Processing by WelcomeController#index as HTML
  Rendering welcome/index.html.haml within layouts/application
  Rendered welcome/index.html.haml within layouts/application (6.9ms)
Completed 200 OK in 139ms (Views: 126.6ms | ActiveRecord: 0.0ms)


Started GET "/" for ::1 at 2017-01-13 11:56:13 -0500
Processing by WelcomeController#index as HTML
  Rendering welcome/index.html.haml within layouts/application
  Rendered welcome/index.html.haml within layouts/application (3.5ms)
Completed 200 OK in 442ms (Views: 430.3ms | ActiveRecord: 0.0ms)


Started GET "/" for ::1 at 2017-01-13 11:56:55 -0500
Processing by WelcomeController#index as HTML
  Rendering welcome/index.html.haml within layouts/application
  Rendered welcome/index.html.haml within layouts/application (1.8ms)
Completed 500 Internal Server Error in 66ms (ActiveRecord: 0.0ms)


  
ActionView::Template::Error (File to import not found or unreadable: bootstrap-sprockets.
Load paths:
  /Users/RobMojo/Desktop/mojotech/code_clarity/app/assets/config
  /Users/RobMojo/Desktop/mojotech/code_clarity/app/assets/images
  /Users/RobMojo/Desktop/mojotech/code_clarity/app/assets/javascripts
  /Users/RobMojo/Desktop/mojotech/code_clarity/app/assets/stylesheets
  /Users/RobMojo/Desktop/mojotech/code_clarity/vendor/assets/javascripts
  /Users/RobMojo/Desktop/mojotech/code_clarity/vendor/assets/stylesheets
  /Users/RobMojo/.rbenv/versions/2.3.1/lib/ruby/gems/2.3.0/gems/jquery-rails-4.2.2/vendor/assets/javascripts
  /Users/RobMojo/.rbenv/versions/2.3.1/lib/ruby/gems/2.3.0/gems/coffee-rails-4.2.1/lib/assets/javascripts
  /Users/RobMojo/.rbenv/versions/2.3.1/lib/ruby/gems/2.3.0/gems/actioncable-5.0.1/lib/assets/compiled
  /Users/RobMojo/.rbenv/versions/2.3.1/lib/ruby/gems/2.3.0/gems/turbolinks-source-5.0.0/lib/assets/javascripts
  /Users/RobMojo/.rbenv/versions/2.3.1/lib/ruby/gems/2.3.0/gems/bootstrap-4.0.0.alpha6/assets/stylesheets
  /Users/RobMojo/.rbenv/versions/2.3.1/lib/ruby/gems/2.3.0/gems/bootstrap-4.0.0.alpha6/assets/javascripts
  /Users/RobMojo/.rbenv/versions/2.3.1/lib/ruby/gems/2.3.0/gems/bootstrap-4.0.0.alpha6/assets/stylesheets):
    3:   %head
    4:     %title CodeClarity
    5:     = csrf_meta_tags
    6:     = stylesheet_link_tag    'application', media: 'all', 'data-turbolinks-track': 'reload'
    7:     = javascript_include_tag 'application', 'data-turbolinks-track': 'reload'
    8:   %body
    9:     = yield
  
app/assets/stylesheets/application.scss:1
app/views/layouts/application.html.haml:6:in `_app_views_layouts_application_html_haml__267234977501553622_70279293621740'
  Rendering /Users/RobMojo/.rbenv/versions/2.3.1/lib/ruby/gems/2.3.0/gems/actionpack-5.0.1/lib/action_dispatch/middleware/templates/rescues/template_error.html.erb within rescues/layout
  Rendering /Users/RobMojo/.rbenv/versions/2.3.1/lib/ruby/gems/2.3.0/gems/actionpack-5.0.1/lib/action_dispatch/middleware/templates/rescues/_source.html.erb
  Rendered /Users/RobMojo/.rbenv/versions/2.3.1/lib/ruby/gems/2.3.0/gems/actionpack-5.0.1/lib/action_dispatch/middleware/templates/rescues/_source.html.erb (6.7ms)
  Rendering /Users/RobMojo/.rbenv/versions/2.3.1/lib/ruby/gems/2.3.0/gems/actionpack-5.0.1/lib/action_dispatch/middleware/templates/rescues/_trace.html.erb
  Rendered /Users/RobMojo/.rbenv/versions/2.3.1/lib/ruby/gems/2.3.0/gems/actionpack-5.0.1/lib/action_dispatch/middleware/templates/rescues/_trace.html.erb (2.6ms)
  Rendering /Users/RobMojo/.rbenv/versions/2.3.1/lib/ruby/gems/2.3.0/gems/actionpack-5.0.1/lib/action_dispatch/middleware/templates/rescues/_request_and_response.html.erb
  Rendered /Users/RobMojo/.rbenv/versions/2.3.1/lib/ruby/gems/2.3.0/gems/actionpack-5.0.1/lib/action_dispatch/middleware/templates/rescues/_request_and_response.html.erb (1.0ms)
  Rendered /Users/RobMojo/.rbenv/versions/2.3.1/lib/ruby/gems/2.3.0/gems/actionpack-5.0.1/lib/action_dispatch/middleware/templates/rescues/template_error.html.erb within rescues/layout (86.5ms)
Started GET "/" for ::1 at 2017-01-13 11:57:05 -0500
Processing by WelcomeController#index as HTML
  Rendering welcome/index.html.haml within layouts/application
  Rendered welcome/index.html.haml within layouts/application (1.1ms)
Completed 200 OK in 4662ms (Views: 4659.6ms | ActiveRecord: 0.0ms)


Started GET "/" for ::1 at 2017-01-13 12:03:52 -0500
Processing by WelcomeController#index as HTML
  Rendering welcome/index.html.haml within layouts/application
  Rendered welcome/index.html.haml within layouts/application (2.9ms)
Completed 200 OK in 4999ms (Views: 4987.2ms | ActiveRecord: 0.0ms)


Started GET "/" for ::1 at 2017-01-13 12:04:28 -0500
Processing by WelcomeController#index as HTML
  Rendering welcome/index.html.haml within layouts/application
  Rendered welcome/index.html.haml within layouts/application (2.0ms)
Completed 200 OK in 2429ms (Views: 2426.0ms | ActiveRecord: 0.0ms)


Started GET "/" for ::1 at 2017-01-13 12:04:42 -0500
Processing by WelcomeController#index as HTML
  Rendering welcome/index.html.haml within layouts/application
  Rendered welcome/index.html.haml within layouts/application (1.6ms)
Completed 200 OK in 58ms (Views: 56.1ms | ActiveRecord: 0.0ms)


Started GET "/" for ::1 at 2017-01-13 12:08:08 -0500
Processing by WelcomeController#index as HTML
  Rendering welcome/index.html.haml within layouts/application
  Rendered welcome/index.html.haml within layouts/application (7.1ms)
Completed 200 OK in 147ms (Views: 137.9ms | ActiveRecord: 0.0ms)


Started GET "/" for ::1 at 2017-01-13 12:08:20 -0500
Processing by WelcomeController#index as HTML
  Rendering welcome/index.html.haml within layouts/application
  Rendered welcome/index.html.haml within layouts/application (2.1ms)
Completed 200 OK in 59ms (Views: 56.5ms | ActiveRecord: 0.0ms)


Started GET "/" for ::1 at 2017-01-13 12:08:40 -0500
Processing by WelcomeController#index as HTML
  Rendering welcome/index.html.haml within layouts/application
  Rendered welcome/index.html.haml within layouts/application (2.2ms)
Completed 200 OK in 81ms (Views: 78.9ms | ActiveRecord: 0.0ms)


Started GET "/" for ::1 at 2017-01-13 12:08:55 -0500
Processing by WelcomeController#index as HTML
  Rendering welcome/index.html.haml within layouts/application
  Rendered welcome/index.html.haml within layouts/application (0.9ms)
Completed 200 OK in 50ms (Views: 48.6ms | ActiveRecord: 0.0ms)


Started GET "/" for ::1 at 2017-01-13 12:09:12 -0500
Processing by WelcomeController#index as HTML
  Rendering welcome/index.html.haml within layouts/application
  Rendered welcome/index.html.haml within layouts/application (1.4ms)
Completed 200 OK in 62ms (Views: 59.8ms | ActiveRecord: 0.0ms)


Started GET "/" for ::1 at 2017-01-13 12:09:49 -0500
Processing by WelcomeController#index as HTML
  Rendering welcome/index.html.haml within layouts/application
  Rendered welcome/index.html.haml within layouts/application (3.6ms)
Completed 200 OK in 2337ms (Views: 2335.0ms | ActiveRecord: 0.0ms)


Started GET "/" for ::1 at 2017-01-13 12:09:59 -0500
Processing by WelcomeController#index as HTML
  Rendering welcome/index.html.haml within layouts/application
  Rendered welcome/index.html.haml within layouts/application (2.0ms)
Completed 200 OK in 2144ms (Views: 2141.9ms | ActiveRecord: 0.0ms)


Started GET "/" for ::1 at 2017-01-13 12:10:11 -0500
Processing by WelcomeController#index as HTML
  Rendering welcome/index.html.haml within layouts/application
  Rendered welcome/index.html.haml within layouts/application (1.1ms)
Completed 200 OK in 2171ms (Views: 2169.3ms | ActiveRecord: 0.0ms)


Started GET "/" for ::1 at 2017-01-13 12:10:21 -0500
Processing by WelcomeController#index as HTML
  Rendering welcome/index.html.haml within layouts/application
  Rendered welcome/index.html.haml within layouts/application (1.6ms)
Completed 200 OK in 2251ms (Views: 2248.7ms | ActiveRecord: 0.0ms)


Started GET "/" for ::1 at 2017-01-13 12:10:38 -0500
Processing by WelcomeController#index as HTML
  Rendering welcome/index.html.haml within layouts/application
  Rendered welcome/index.html.haml within layouts/application (1.7ms)
Completed 200 OK in 2031ms (Views: 2029.2ms | ActiveRecord: 0.0ms)


Started GET "/" for ::1 at 2017-01-13 12:10:47 -0500
Processing by WelcomeController#index as HTML
  Rendering welcome/index.html.haml within layouts/application
  Rendered welcome/index.html.haml within layouts/application (1.0ms)
Completed 200 OK in 2265ms (Views: 2262.3ms | ActiveRecord: 0.0ms)


Started GET "/" for ::1 at 2017-01-13 12:11:04 -0500
Processing by WelcomeController#index as HTML
  Rendering welcome/index.html.haml within layouts/application
  Rendered welcome/index.html.haml within layouts/application (1.5ms)
Completed 200 OK in 2146ms (Views: 2142.7ms | ActiveRecord: 0.0ms)


Started GET "/" for ::1 at 2017-01-13 12:11:28 -0500
Processing by WelcomeController#index as HTML
  Rendering welcome/index.html.haml within layouts/application
  Rendered welcome/index.html.haml within layouts/application (1.3ms)
Completed 200 OK in 2137ms (Views: 2131.8ms | ActiveRecord: 0.0ms)


Started GET "/" for ::1 at 2017-01-13 12:11:59 -0500
Processing by WelcomeController#index as HTML
  Rendering welcome/index.html.haml within layouts/application
  Rendered welcome/index.html.haml within layouts/application (2.4ms)
Completed 200 OK in 2266ms (Views: 2263.1ms | ActiveRecord: 0.0ms)


Started GET "/" for ::1 at 2017-01-13 12:12:13 -0500
Processing by WelcomeController#index as HTML
  Rendering welcome/index.html.haml within layouts/application
  Rendered welcome/index.html.haml within layouts/application (1.3ms)
Completed 200 OK in 2123ms (Views: 2120.8ms | ActiveRecord: 0.0ms)


Started GET "/" for ::1 at 2017-01-13 12:13:27 -0500
Processing by WelcomeController#index as HTML
  Rendering welcome/index.html.haml within layouts/application
  Rendered welcome/index.html.haml within layouts/application (10.7ms)
Completed 200 OK in 174ms (Views: 159.4ms | ActiveRecord: 0.0ms)


Started GET "/" for ::1 at 2017-01-13 12:14:08 -0500
Processing by WelcomeController#index as HTML
  Rendering welcome/index.html.haml within layouts/application
  Rendered welcome/index.html.haml within layouts/application (6.5ms)
Completed 200 OK in 146ms (Views: 133.8ms | ActiveRecord: 0.0ms)


Started GET "/" for ::1 at 2017-01-13 12:15:36 -0500
Processing by WelcomeController#index as HTML
  Rendering welcome/index.html.haml within layouts/application
  Rendered welcome/index.html.haml within layouts/application (1.8ms)
Completed 200 OK in 92ms (Views: 89.5ms | ActiveRecord: 0.0ms)


Started GET "/" for ::1 at 2017-01-13 12:15:55 -0500
Processing by WelcomeController#index as HTML
  Rendering welcome/index.html.haml within layouts/application
  Rendered welcome/index.html.haml within layouts/application (7.8ms)
Completed 200 OK in 2738ms (Views: 2728.6ms | ActiveRecord: 0.0ms)


Started GET "/" for ::1 at 2017-01-13 12:16:22 -0500
Processing by WelcomeController#index as HTML
  Rendering welcome/index.html.haml within layouts/application
  Rendered welcome/index.html.haml within layouts/application (1.2ms)
Completed 200 OK in 55ms (Views: 53.0ms | ActiveRecord: 0.0ms)


Started GET "/" for ::1 at 2017-01-13 12:16:32 -0500
Processing by WelcomeController#index as HTML
  Rendering welcome/index.html.haml within layouts/application
  Rendered welcome/index.html.haml within layouts/application (0.9ms)
Completed 200 OK in 39ms (Views: 36.5ms | ActiveRecord: 0.0ms)


Started GET "/" for ::1 at 2017-01-13 12:17:24 -0500
Processing by WelcomeController#index as HTML
  Rendering welcome/index.html.haml within layouts/application
  Rendered welcome/index.html.haml within layouts/application (1.0ms)
Completed 200 OK in 2058ms (Views: 2055.5ms | ActiveRecord: 0.0ms)


Started GET "/" for ::1 at 2017-01-13 12:18:27 -0500
Processing by WelcomeController#index as HTML
  Rendering welcome/index.html.haml within layouts/application
  Rendered welcome/index.html.haml within layouts/application (33.1ms)
Completed 500 Internal Server Error in 62ms (ActiveRecord: 0.0ms)


  
ActionView::Template::Error (Illegal nesting: nesting within plain text is illegal.):
    2:   .navbar-text.banner-text Code Clarity
    3: .container
    4:   p
    5:     Thanks for participating.
  
app/views/welcome/index.html.haml:5
  Rendering /Users/RobMojo/.rbenv/versions/2.3.1/lib/ruby/gems/2.3.0/gems/actionpack-5.0.1/lib/action_dispatch/middleware/templates/rescues/template_error.html.erb within rescues/layout
  Rendering /Users/RobMojo/.rbenv/versions/2.3.1/lib/ruby/gems/2.3.0/gems/actionpack-5.0.1/lib/action_dispatch/middleware/templates/rescues/_source.html.erb
  Rendered /Users/RobMojo/.rbenv/versions/2.3.1/lib/ruby/gems/2.3.0/gems/actionpack-5.0.1/lib/action_dispatch/middleware/templates/rescues/_source.html.erb (6.4ms)
  Rendering /Users/RobMojo/.rbenv/versions/2.3.1/lib/ruby/gems/2.3.0/gems/actionpack-5.0.1/lib/action_dispatch/middleware/templates/rescues/_trace.html.erb
  Rendered /Users/RobMojo/.rbenv/versions/2.3.1/lib/ruby/gems/2.3.0/gems/actionpack-5.0.1/lib/action_dispatch/middleware/templates/rescues/_trace.html.erb (5.9ms)
  Rendering /Users/RobMojo/.rbenv/versions/2.3.1/lib/ruby/gems/2.3.0/gems/actionpack-5.0.1/lib/action_dispatch/middleware/templates/rescues/_request_and_response.html.erb
  Rendered /Users/RobMojo/.rbenv/versions/2.3.1/lib/ruby/gems/2.3.0/gems/actionpack-5.0.1/lib/action_dispatch/middleware/templates/rescues/_request_and_response.html.erb (1.9ms)
  Rendered /Users/RobMojo/.rbenv/versions/2.3.1/lib/ruby/gems/2.3.0/gems/actionpack-5.0.1/lib/action_dispatch/middleware/templates/rescues/template_error.html.erb within rescues/layout (103.9ms)
Started GET "/" for ::1 at 2017-01-13 12:18:37 -0500
Processing by WelcomeController#index as HTML
  Rendering welcome/index.html.haml within layouts/application
  Rendered welcome/index.html.haml within layouts/application (2.6ms)
Completed 200 OK in 81ms (Views: 77.9ms | ActiveRecord: 0.0ms)


Started GET "/" for ::1 at 2017-01-13 12:18:53 -0500
Processing by WelcomeController#index as HTML
  Rendering welcome/index.html.haml within layouts/application
  Rendered welcome/index.html.haml within layouts/application (1.6ms)
Completed 200 OK in 63ms (Views: 60.6ms | ActiveRecord: 0.0ms)


Started GET "/" for ::1 at 2017-01-13 13:14:50 -0500
Processing by WelcomeController#index as HTML
  Rendering welcome/index.html.haml within layouts/application
  Rendered welcome/index.html.haml within layouts/application (11.3ms)
Completed 200 OK in 165ms (Views: 154.4ms | ActiveRecord: 0.0ms)


Started GET "/" for ::1 at 2017-01-13 13:15:27 -0500
Processing by WelcomeController#index as HTML
  Rendering welcome/index.html.haml within layouts/application
  Rendered welcome/index.html.haml within layouts/application (13.3ms)
Completed 500 Internal Server Error in 475ms (ActiveRecord: 0.0ms)


  
ActionView::Template::Error (Invalid CSS after "  font-weight": expected ";", was ": bold;"):
    3:   %head
    4:     %title CodeClarity
    5:     = csrf_meta_tags
    6:     = stylesheet_link_tag    'application', media: 'all', 'data-turbolinks-track': 'reload'
    7:     = javascript_include_tag 'application', 'data-turbolinks-track': 'reload'
    8:   %body
    9:     = yield
  
app/assets/stylesheets/welcome.scss:12
app/assets/stylesheets/application.scss:2
app/views/layouts/application.html.haml:6:in `_app_views_layouts_application_html_haml__1630726608680809634_70128648673960'
  Rendering /Users/RobMojo/.rbenv/versions/2.3.1/lib/ruby/gems/2.3.0/gems/actionpack-5.0.1/lib/action_dispatch/middleware/templates/rescues/template_error.html.erb within rescues/layout
  Rendering /Users/RobMojo/.rbenv/versions/2.3.1/lib/ruby/gems/2.3.0/gems/actionpack-5.0.1/lib/action_dispatch/middleware/templates/rescues/_source.html.erb
  Rendered /Users/RobMojo/.rbenv/versions/2.3.1/lib/ruby/gems/2.3.0/gems/actionpack-5.0.1/lib/action_dispatch/middleware/templates/rescues/_source.html.erb (7.3ms)
  Rendering /Users/RobMojo/.rbenv/versions/2.3.1/lib/ruby/gems/2.3.0/gems/actionpack-5.0.1/lib/action_dispatch/middleware/templates/rescues/_trace.html.erb
  Rendered /Users/RobMojo/.rbenv/versions/2.3.1/lib/ruby/gems/2.3.0/gems/actionpack-5.0.1/lib/action_dispatch/middleware/templates/rescues/_trace.html.erb (2.6ms)
  Rendering /Users/RobMojo/.rbenv/versions/2.3.1/lib/ruby/gems/2.3.0/gems/actionpack-5.0.1/lib/action_dispatch/middleware/templates/rescues/_request_and_response.html.erb
  Rendered /Users/RobMojo/.rbenv/versions/2.3.1/lib/ruby/gems/2.3.0/gems/actionpack-5.0.1/lib/action_dispatch/middleware/templates/rescues/_request_and_response.html.erb (1.0ms)
  Rendered /Users/RobMojo/.rbenv/versions/2.3.1/lib/ruby/gems/2.3.0/gems/actionpack-5.0.1/lib/action_dispatch/middleware/templates/rescues/template_error.html.erb within rescues/layout (83.9ms)
Started GET "/" for ::1 at 2017-01-13 13:16:11 -0500
Processing by WelcomeController#index as HTML
  Rendering welcome/index.html.haml within layouts/application
  Rendered welcome/index.html.haml within layouts/application (11.9ms)
Completed 200 OK in 2702ms (Views: 2688.0ms | ActiveRecord: 0.0ms)


Started GET "/" for ::1 at 2017-01-13 13:30:23 -0500
Processing by WelcomeController#index as HTML
  Rendering welcome/index.html.haml within layouts/application
  Rendered welcome/index.html.haml within layouts/application (15.7ms)
Completed 200 OK in 192ms (Views: 179.9ms | ActiveRecord: 0.0ms)


Started GET "/" for ::1 at 2017-01-13 13:33:18 -0500
Processing by WelcomeController#index as HTML
  Rendering welcome/index.html.haml within layouts/application
  Rendered welcome/index.html.haml within layouts/application (44.2ms)
Completed 200 OK in 198ms (Views: 187.9ms | ActiveRecord: 0.0ms)


Started GET "/" for ::1 at 2017-01-13 13:34:06 -0500
Processing by WelcomeController#index as HTML
  Rendering welcome/index.html.haml within layouts/application
  Rendered welcome/index.html.haml within layouts/application (16.5ms)
Completed 200 OK in 205ms (Views: 194.6ms | ActiveRecord: 0.0ms)


Started GET "/" for ::1 at 2017-01-13 13:35:13 -0500
Processing by WelcomeController#index as HTML
  Rendering welcome/index.html.haml within layouts/application
  Rendered welcome/index.html.haml within layouts/application (12.6ms)
Completed 200 OK in 2707ms (Views: 2699.9ms | ActiveRecord: 0.0ms)


Started GET "/" for ::1 at 2017-01-13 13:36:10 -0500
Processing by WelcomeController#index as HTML
  Rendering welcome/index.html.haml within layouts/application
  Rendered welcome/index.html.haml within layouts/application (1.8ms)
Completed 200 OK in 69ms (Views: 65.7ms | ActiveRecord: 0.0ms)


Started GET "/" for ::1 at 2017-01-13 13:38:59 -0500
Processing by WelcomeController#index as HTML
  Rendering welcome/index.html.haml within layouts/application
  Rendered welcome/index.html.haml within layouts/application (17.2ms)
Completed 200 OK in 3149ms (Views: 3135.4ms | ActiveRecord: 0.0ms)


Started GET "/" for ::1 at 2017-01-13 13:39:26 -0500
Processing by WelcomeController#index as HTML
  Rendering welcome/index.html.haml within layouts/application
  Rendered welcome/index.html.haml within layouts/application (1.7ms)
Completed 200 OK in 59ms (Views: 56.8ms | ActiveRecord: 0.0ms)


Started GET "/" for ::1 at 2017-01-13 13:39:53 -0500
Processing by WelcomeController#index as HTML
  Rendering welcome/index.html.haml within layouts/application
  Rendered welcome/index.html.haml within layouts/application (3.2ms)
Completed 200 OK in 2170ms (Views: 2167.7ms | ActiveRecord: 0.0ms)


Started GET "/" for ::1 at 2017-01-13 13:40:33 -0500
Processing by WelcomeController#index as HTML
  Rendering welcome/index.html.haml within layouts/application
  Rendered welcome/index.html.haml within layouts/application (18.8ms)
Completed 200 OK in 2564ms (Views: 2554.8ms | ActiveRecord: 0.0ms)


Started GET "/" for ::1 at 2017-01-13 13:48:55 -0500
Processing by WelcomeController#index as HTML
  Rendering welcome/index.html.haml within layouts/application
  Rendered welcome/index.html.haml within layouts/application (13.1ms)
Completed 200 OK in 186ms (Views: 174.2ms | ActiveRecord: 0.0ms)


Started GET "/" for ::1 at 2017-01-13 13:49:21 -0500
Processing by WelcomeController#index as HTML
  Rendering welcome/index.html.haml within layouts/application
  Rendered welcome/index.html.haml within layouts/application (2.8ms)
Completed 200 OK in 75ms (Views: 70.4ms | ActiveRecord: 0.0ms)


Started GET "/" for ::1 at 2017-01-13 13:52:40 -0500
Processing by WelcomeController#index as HTML
  Rendering welcome/index.html.haml within layouts/application
  Rendered welcome/index.html.haml within layouts/application (15.6ms)
Completed 200 OK in 188ms (Views: 177.8ms | ActiveRecord: 0.0ms)


Started GET "/" for ::1 at 2017-01-13 14:02:43 -0500
Processing by WelcomeController#index as HTML
  Rendering welcome/index.html.haml within layouts/application
  Rendered welcome/index.html.haml within layouts/application (15.2ms)
Completed 200 OK in 151ms (Views: 142.2ms | ActiveRecord: 0.0ms)


Started GET "/" for ::1 at 2017-01-17 11:20:58 -0500
Processing by WelcomeController#index as HTML
  Rendering welcome/index.html.haml within layouts/application
  Rendered welcome/index.html.haml within layouts/application (3.9ms)
Completed 500 Internal Server Error in 44ms (ActiveRecord: 0.0ms)


  
SyntaxError (/Users/RobMojo/Desktop/mojotech/code_clarity/app/views/layouts/application.html.haml:8: syntax error, unexpected tIDENTIFIER, expecting ')'
...oogle.com/js/platform.js" async defer
...                               ^):
  
app/views/layouts/application.html.haml:8: syntax error, unexpected tIDENTIFIER, expecting ')'
  Rendering /Users/RobMojo/.rbenv/versions/2.3.1/lib/ruby/gems/2.3.0/gems/actionpack-5.0.1/lib/action_dispatch/middleware/templates/rescues/diagnostics.html.erb within rescues/layout
  Rendering /Users/RobMojo/.rbenv/versions/2.3.1/lib/ruby/gems/2.3.0/gems/actionpack-5.0.1/lib/action_dispatch/middleware/templates/rescues/_source.html.erb
  Rendered /Users/RobMojo/.rbenv/versions/2.3.1/lib/ruby/gems/2.3.0/gems/actionpack-5.0.1/lib/action_dispatch/middleware/templates/rescues/_source.html.erb (6.4ms)
  Rendering /Users/RobMojo/.rbenv/versions/2.3.1/lib/ruby/gems/2.3.0/gems/actionpack-5.0.1/lib/action_dispatch/middleware/templates/rescues/_trace.html.erb
  Rendered /Users/RobMojo/.rbenv/versions/2.3.1/lib/ruby/gems/2.3.0/gems/actionpack-5.0.1/lib/action_dispatch/middleware/templates/rescues/_trace.html.erb (2.4ms)
  Rendering /Users/RobMojo/.rbenv/versions/2.3.1/lib/ruby/gems/2.3.0/gems/actionpack-5.0.1/lib/action_dispatch/middleware/templates/rescues/_request_and_response.html.erb
  Rendered /Users/RobMojo/.rbenv/versions/2.3.1/lib/ruby/gems/2.3.0/gems/actionpack-5.0.1/lib/action_dispatch/middleware/templates/rescues/_request_and_response.html.erb (1.0ms)
  Rendered /Users/RobMojo/.rbenv/versions/2.3.1/lib/ruby/gems/2.3.0/gems/actionpack-5.0.1/lib/action_dispatch/middleware/templates/rescues/diagnostics.html.erb within rescues/layout (93.2ms)
Started GET "/" for ::1 at 2017-01-17 11:21:09 -0500
Processing by WelcomeController#index as HTML
  Rendering welcome/index.html.haml within layouts/application
  Rendered welcome/index.html.haml within layouts/application (1.9ms)
Completed 200 OK in 349ms (Views: 346.5ms | ActiveRecord: 0.0ms)


